<?xml version="1.0" encoding="UTF-8"?>
<testng-results ignored="0" total="1" passed="1" failed="0" skipped="0">
  <reporter-output>
  </reporter-output>
  <suite started-at="2023-05-30T15:35:39Z" name="Default suite" finished-at="2023-05-30T15:36:02Z" duration-ms="23119">
    <groups>
    </groups>
    <test started-at="2023-05-30T15:35:39Z" name="Default test" finished-at="2023-05-30T15:36:02Z" duration-ms="23119">
      <class name="first.First_java">
        <test-method signature="test1()[pri:0, instance:first.First_java@119cbf96]" started-at="2023-05-30T21:05:39Z" name="test1" finished-at="2023-05-30T21:06:02Z" duration-ms="23076" status="PASS">
          <reporter-output>
          </reporter-output>
        </test-method> <!-- test1 -->
      </class> <!-- first.First_java -->
    </test> <!-- Default test -->
  </suite> <!-- Default suite -->
</testng-results>
