<?xml version="1.0" encoding="UTF-8"?>
<testng-results ignored="0" total="1" passed="1" failed="0" skipped="0">
  <reporter-output>
  </reporter-output>
  <suite started-at="2023-05-31T01:40:01 IST" name="MavenSuite" finished-at="2023-05-31T01:41:48 IST" duration-ms="106109">
    <groups>
    </groups>
    <test started-at="2023-05-31T01:40:01 IST" name="MavenTest" finished-at="2023-05-31T01:41:48 IST" duration-ms="106109">
      <class name="first.First_java">
        <test-method signature="main()[pri:0, instance:first.First_java@7ce3cb8e]" started-at="2023-05-31T01:40:02 IST" name="main" finished-at="2023-05-31T01:41:48 IST" duration-ms="105979" status="PASS">
          <reporter-output>
          </reporter-output>
        </test-method> <!-- main -->
      </class> <!-- first.First_java -->
    </test> <!-- MavenTest -->
  </suite> <!-- MavenSuite -->
</testng-results>
